# JRE version: Java(TM) SE Runtime Environment (8.0_91-b14) (build 1.8.0_91-b14)
# Java VM: Java HotSpot(TM) 64-Bit Server VM (25.91-b14 mixed mode bsd-amd64 compressed oops)
Heap:
 garbage-first heap   total 262144K, used 124255K [0x0000000780000000, 0x0000000780100800, 0x00000007c0000000)
  region size 1024K, 8 young (8192K), 5 survivors (5120K)
 Metaspace       used 133845K, capacity 146647K, committed 147200K, reserved 1177600K
  class space    used 15657K, capacity 19559K, committed 19764K, reserved 1048576K
GC Heap History (10 events):
Event: 163138.804 GC heap before
{Heap before GC invocations=231 (full 0):
 garbage-first heap   total 262144K, used 230665K [0x0000000780000000, 0x0000000780100800, 0x00000007c0000000)
  region size 1024K, 111 young (113664K), 4 survivors (4096K)
 Metaspace       used 133780K, capacity 146519K, committed 146944K, reserved 1177600K
  class space    used 15657K, capacity 19559K, committed 19764K, reserved 1048576K
Event: 163138.819 GC heap after
Heap after GC invocations=232 (full 0):
 garbage-first heap   total 262144K, used 121075K [0x0000000780000000, 0x0000000780100800, 0x00000007c0000000)
  region size 1024K, 4 young (4096K), 4 survivors (4096K)
 Metaspace       used 133780K, capacity 146519K, committed 146944K, reserved 1177600K
  class space    used 15657K, capacity 19559K, committed 19764K, reserved 1048576K
}
Event: 163158.868 GC heap before
{Heap before GC invocations=232 (full 0):
 garbage-first heap   total 262144K, used 230643K [0x0000000780000000, 0x0000000780100800, 0x00000007c0000000)
  region size 1024K, 111 young (113664K), 4 survivors (4096K)
 Metaspace       used 133782K, capacity 146519K, committed 146944K, reserved 1177600K
  class space    used 15657K, capacity 19559K, committed 19764K, reserved 1048576K
Event: 163158.903 GC heap after
Heap after GC invocations=233 (full 0):
 garbage-first heap   total 262144K, used 120605K [0x0000000780000000, 0x0000000780100800, 0x00000007c0000000)
  region size 1024K, 4 young (4096K), 4 survivors (4096K)
 Metaspace       used 133782K, capacity 146519K, committed 146944K, reserved 1177600K
  class space    used 15657K, capacity 19559K, committed 19764K, reserved 1048576K
}
Event: 163219.280 GC heap before
{Heap before GC invocations=233 (full 0):
 garbage-first heap   total 262144K, used 230173K [0x0000000780000000, 0x0000000780100800, 0x00000007c0000000)
  region size 1024K, 111 young (113664K), 4 survivors (4096K)
 Metaspace       used 133787K, capacity 146519K, committed 146944K, reserved 1177600K
  class space    used 15657K, capacity 19559K, committed 19764K, reserved 1048576K
Event: 163219.350 GC heap after
Heap after GC invocations=234 (full 0):
 garbage-first heap   total 262144K, used 121123K [0x0000000780000000, 0x0000000780100800, 0x00000007c0000000)
  region size 1024K, 4 young (4096K), 4 survivors (4096K)
 Metaspace       used 133787K, capacity 146519K, committed 146944K, reserved 1177600K
  class space    used 15657K, capacity 19559K, committed 19764K, reserved 1048576K
}
Event: 163248.121 GC heap before
{Heap before GC invocations=234 (full 0):
 garbage-first heap   total 262144K, used 230691K [0x0000000780000000, 0x0000000780100800, 0x00000007c0000000)
  region size 1024K, 111 young (113664K), 4 survivors (4096K)
 Metaspace       used 133831K, capacity 146647K, committed 147200K, reserved 1177600K
  class space    used 15657K, capacity 19559K, committed 19764K, reserved 1048576K
Event: 163248.178 GC heap after
Heap after GC invocations=235 (full 0):
 garbage-first heap   total 262144K, used 122693K [0x0000000780000000, 0x0000000780100800, 0x00000007c0000000)
  region size 1024K, 6 young (6144K), 6 survivors (6144K)
 Metaspace       used 133831K, capacity 146647K, committed 147200K, reserved 1177600K
  class space    used 15657K, capacity 19559K, committed 19764K, reserved 1048576K
}
Event: 163276.441 GC heap before
{Heap before GC invocations=235 (full 0):
 garbage-first heap   total 262144K, used 228165K [0x0000000780000000, 0x0000000780100800, 0x00000007c0000000)
  region size 1024K, 109 young (111616K), 6 survivors (6144K)
 Metaspace       used 133843K, capacity 146647K, committed 147200K, reserved 1177600K
  class space    used 15657K, capacity 19559K, committed 19764K, reserved 1048576K
Event: 163276.462 GC heap after
Heap after GC invocations=236 (full 0):
 garbage-first heap   total 262144K, used 122207K [0x0000000780000000, 0x0000000780100800, 0x00000007c0000000)
  region size 1024K, 5 young (5120K), 5 survivors (5120K)
 Metaspace       used 133843K, capacity 146647K, committed 147200K, reserved 1177600K
  class space    used 15657K, capacity 19559K, committed 19764K, reserved 1048576K
}

